2025-05-19 13:46:26,914 INFO : Deleting /home/agialias/projects/site_generator/public/index.css
2025-05-19 13:46:26,914 INFO : Deleting /home/agialias/projects/site_generator/public/images
2025-05-19 13:46:26,915 INFO : Deleting /home/agialias/projects/site_generator/public/index.html
2025-05-19 13:46:26,915 INFO : Moving /home/agialias/projects/site_generator/static/index.css to /home/agialias/projects/site_generator/public
2025-05-19 13:46:26,916 INFO : Creating /home/agialias/projects/site_generator/static/images in /home/agialias/projects/site_generator/public
2025-05-19 13:46:26,916 INFO : Entering recursion
2025-05-19 13:46:26,916 INFO : Moving /home/agialias/projects/site_generator/static/images/tolkien.png to /home/agialias/projects/site_generator/public/images
2025-05-19 13:46:26,918 INFO : Task completed.
2025-05-19 13:49:55,471 INFO : Deleting /home/agialias/projects/site_generator/public/index.css
2025-05-19 13:49:55,472 INFO : Deleting /home/agialias/projects/site_generator/public/images
2025-05-19 13:49:55,473 INFO : Deleting /home/agialias/projects/site_generator/public/index.html
2025-05-19 13:49:55,473 INFO : Moving /home/agialias/projects/site_generator/static/index.css to /home/agialias/projects/site_generator/public
2025-05-19 13:49:55,473 INFO : Creating /home/agialias/projects/site_generator/static/images in /home/agialias/projects/site_generator/public
2025-05-19 13:49:55,473 INFO : Entering recursion
2025-05-19 13:49:55,473 INFO : Moving /home/agialias/projects/site_generator/static/images/tolkien.png to /home/agialias/projects/site_generator/public/images
2025-05-19 13:49:55,476 INFO : Task completed.
2025-05-19 13:56:38,046 INFO : Deleting /home/agialias/projects/site_generator/public/index.css
2025-05-19 13:56:38,047 INFO : Deleting /home/agialias/projects/site_generator/public/images
2025-05-19 13:56:38,047 INFO : Deleting /home/agialias/projects/site_generator/public/index.html
2025-05-19 13:56:38,047 INFO : Moving /home/agialias/projects/site_generator/static/index.css to /home/agialias/projects/site_generator/public
2025-05-19 13:56:38,047 INFO : Creating /home/agialias/projects/site_generator/static/images in /home/agialias/projects/site_generator/public
2025-05-19 13:56:38,048 INFO : Entering recursion
2025-05-19 13:56:38,048 INFO : Moving /home/agialias/projects/site_generator/static/images/rivendell.png to /home/agialias/projects/site_generator/public/images
2025-05-19 13:56:38,049 INFO : Moving /home/agialias/projects/site_generator/static/images/tom.png to /home/agialias/projects/site_generator/public/images
2025-05-19 13:56:38,050 INFO : Moving /home/agialias/projects/site_generator/static/images/tolkien.png to /home/agialias/projects/site_generator/public/images
2025-05-19 13:56:38,052 INFO : Moving /home/agialias/projects/site_generator/static/images/glorfindel.png to /home/agialias/projects/site_generator/public/images
2025-05-19 13:56:38,052 INFO : Task completed.
2025-05-20 11:11:05,359 INFO : Deleting /home/agialias/projects/site_generator/public/index.css
2025-05-20 11:11:05,359 INFO : Deleting /home/agialias/projects/site_generator/public/images
2025-05-20 11:11:05,359 INFO : Deleting /home/agialias/projects/site_generator/public/index.html
2025-05-20 11:11:05,359 INFO : Moving /home/agialias/projects/site_generator/static/index.css to /home/agialias/projects/site_generator/public
2025-05-20 11:11:05,360 INFO : Creating /home/agialias/projects/site_generator/static/images in /home/agialias/projects/site_generator/public
2025-05-20 11:11:05,360 INFO : Entering recursion
2025-05-20 11:11:05,360 INFO : Moving /home/agialias/projects/site_generator/static/images/rivendell.png to /home/agialias/projects/site_generator/public/images
2025-05-20 11:11:05,364 INFO : Moving /home/agialias/projects/site_generator/static/images/tom.png to /home/agialias/projects/site_generator/public/images
2025-05-20 11:11:05,365 INFO : Moving /home/agialias/projects/site_generator/static/images/tolkien.png to /home/agialias/projects/site_generator/public/images
2025-05-20 11:11:05,368 INFO : Moving /home/agialias/projects/site_generator/static/images/glorfindel.png to /home/agialias/projects/site_generator/public/images
2025-05-20 11:11:05,369 INFO : Task completed.
2025-05-20 13:20:55,179 INFO : Deleting /home/agialias/projects/site_generator/public/index.css
2025-05-20 13:20:55,179 INFO : Deleting /home/agialias/projects/site_generator/public/images
2025-05-20 13:20:55,180 INFO : Deleting /home/agialias/projects/site_generator/public/index.html
2025-05-20 13:20:55,180 INFO : Moving /home/agialias/projects/site_generator/static/index.css to /home/agialias/projects/site_generator/public
2025-05-20 13:20:55,181 INFO : Creating /home/agialias/projects/site_generator/static/images in /home/agialias/projects/site_generator/public
2025-05-20 13:20:55,181 INFO : Entering recursion
2025-05-20 13:20:55,181 INFO : Moving /home/agialias/projects/site_generator/static/images/rivendell.png to /home/agialias/projects/site_generator/public/images
2025-05-20 13:20:55,184 INFO : Moving /home/agialias/projects/site_generator/static/images/tom.png to /home/agialias/projects/site_generator/public/images
2025-05-20 13:20:55,186 INFO : Moving /home/agialias/projects/site_generator/static/images/tolkien.png to /home/agialias/projects/site_generator/public/images
2025-05-20 13:20:55,187 INFO : Moving /home/agialias/projects/site_generator/static/images/glorfindel.png to /home/agialias/projects/site_generator/public/images
2025-05-20 13:20:55,189 INFO : Task completed.
2025-05-20 13:23:42,063 INFO : Deleting /home/agialias/projects/site_generator/public/index.css
2025-05-20 13:23:42,063 INFO : Deleting /home/agialias/projects/site_generator/public/images
2025-05-20 13:23:42,064 INFO : Deleting /home/agialias/projects/site_generator/public/index.html
2025-05-20 13:23:42,064 INFO : Moving /home/agialias/projects/site_generator/static/index.css to /home/agialias/projects/site_generator/public
2025-05-20 13:23:42,065 INFO : Creating /home/agialias/projects/site_generator/static/images in /home/agialias/projects/site_generator/public
2025-05-20 13:23:42,065 INFO : Entering recursion
2025-05-20 13:23:42,065 INFO : Moving /home/agialias/projects/site_generator/static/images/rivendell.png to /home/agialias/projects/site_generator/public/images
2025-05-20 13:23:42,069 INFO : Moving /home/agialias/projects/site_generator/static/images/tom.png to /home/agialias/projects/site_generator/public/images
2025-05-20 13:23:42,070 INFO : Moving /home/agialias/projects/site_generator/static/images/tolkien.png to /home/agialias/projects/site_generator/public/images
2025-05-20 13:23:42,072 INFO : Moving /home/agialias/projects/site_generator/static/images/glorfindel.png to /home/agialias/projects/site_generator/public/images
2025-05-20 13:23:42,074 INFO : Task completed.
2025-05-20 13:24:29,563 INFO : Deleting /home/agialias/projects/site_generator/public/index.css
2025-05-20 13:24:29,563 INFO : Deleting /home/agialias/projects/site_generator/public/blog
2025-05-20 13:24:29,563 INFO : Deleting /home/agialias/projects/site_generator/public/index.md
2025-05-20 13:24:29,563 INFO : Deleting /home/agialias/projects/site_generator/public/images
2025-05-20 13:24:29,564 INFO : Deleting /home/agialias/projects/site_generator/public/contact
2025-05-20 13:24:29,564 INFO : Moving /home/agialias/projects/site_generator/static/index.css to /home/agialias/projects/site_generator/public
2025-05-20 13:24:29,564 INFO : Creating /home/agialias/projects/site_generator/static/images in /home/agialias/projects/site_generator/public
2025-05-20 13:24:29,565 INFO : Entering recursion
2025-05-20 13:24:29,565 INFO : Moving /home/agialias/projects/site_generator/static/images/rivendell.png to /home/agialias/projects/site_generator/public/images
2025-05-20 13:24:29,568 INFO : Moving /home/agialias/projects/site_generator/static/images/tom.png to /home/agialias/projects/site_generator/public/images
2025-05-20 13:24:29,569 INFO : Moving /home/agialias/projects/site_generator/static/images/tolkien.png to /home/agialias/projects/site_generator/public/images
2025-05-20 13:24:29,571 INFO : Moving /home/agialias/projects/site_generator/static/images/glorfindel.png to /home/agialias/projects/site_generator/public/images
2025-05-20 13:24:29,573 INFO : Task completed.
2025-05-20 13:26:11,865 INFO : Deleting /home/agialias/projects/site_generator/public/index.css
2025-05-20 13:26:11,865 INFO : Deleting /home/agialias/projects/site_generator/public/blog
2025-05-20 13:26:11,865 INFO : Deleting /home/agialias/projects/site_generator/public/index.md
2025-05-20 13:26:11,865 INFO : Deleting /home/agialias/projects/site_generator/public/images
2025-05-20 13:26:11,866 INFO : Deleting /home/agialias/projects/site_generator/public/contact
2025-05-20 13:26:11,866 INFO : Moving /home/agialias/projects/site_generator/static/index.css to /home/agialias/projects/site_generator/public
2025-05-20 13:26:11,866 INFO : Creating /home/agialias/projects/site_generator/static/images in /home/agialias/projects/site_generator/public
2025-05-20 13:26:11,866 INFO : Entering recursion
2025-05-20 13:26:11,866 INFO : Moving /home/agialias/projects/site_generator/static/images/rivendell.png to /home/agialias/projects/site_generator/public/images
2025-05-20 13:26:11,868 INFO : Moving /home/agialias/projects/site_generator/static/images/tom.png to /home/agialias/projects/site_generator/public/images
2025-05-20 13:26:11,868 INFO : Moving /home/agialias/projects/site_generator/static/images/tolkien.png to /home/agialias/projects/site_generator/public/images
2025-05-20 13:26:11,869 INFO : Moving /home/agialias/projects/site_generator/static/images/glorfindel.png to /home/agialias/projects/site_generator/public/images
2025-05-20 13:26:11,870 INFO : Task completed.
2025-05-20 13:33:13,521 INFO : Deleting /home/agialias/projects/site_generator/public/index.css
2025-05-20 13:33:13,522 INFO : Deleting /home/agialias/projects/site_generator/public/blog
2025-05-20 13:33:13,524 INFO : Deleting /home/agialias/projects/site_generator/public/index.md
2025-05-20 13:33:13,525 INFO : Deleting /home/agialias/projects/site_generator/public/images
2025-05-20 13:33:13,525 INFO : Deleting /home/agialias/projects/site_generator/public/contact
2025-05-20 13:33:13,526 INFO : Moving /home/agialias/projects/site_generator/static/index.css to /home/agialias/projects/site_generator/public
2025-05-20 13:33:13,526 INFO : Creating /home/agialias/projects/site_generator/static/images in /home/agialias/projects/site_generator/public
2025-05-20 13:33:13,526 INFO : Entering recursion
2025-05-20 13:33:13,526 INFO : Moving /home/agialias/projects/site_generator/static/images/rivendell.png to /home/agialias/projects/site_generator/public/images
2025-05-20 13:33:13,529 INFO : Moving /home/agialias/projects/site_generator/static/images/tom.png to /home/agialias/projects/site_generator/public/images
2025-05-20 13:33:13,531 INFO : Moving /home/agialias/projects/site_generator/static/images/tolkien.png to /home/agialias/projects/site_generator/public/images
2025-05-20 13:33:13,532 INFO : Moving /home/agialias/projects/site_generator/static/images/glorfindel.png to /home/agialias/projects/site_generator/public/images
2025-05-20 13:33:13,534 INFO : Task completed.
2025-05-20 13:36:17,832 INFO : Deleting /home/agialias/projects/site_generator/public/index.css
2025-05-20 13:36:17,832 INFO : Deleting /home/agialias/projects/site_generator/public/blog
2025-05-20 13:36:17,833 INFO : Deleting /home/agialias/projects/site_generator/public/images
2025-05-20 13:36:17,833 INFO : Deleting /home/agialias/projects/site_generator/public/contact
2025-05-20 13:36:17,833 INFO : Deleting /home/agialias/projects/site_generator/public/index.html
2025-05-20 13:36:17,833 INFO : Moving /home/agialias/projects/site_generator/static/index.css to /home/agialias/projects/site_generator/public
2025-05-20 13:36:17,834 INFO : Creating /home/agialias/projects/site_generator/static/images in /home/agialias/projects/site_generator/public
2025-05-20 13:36:17,851 INFO : Entering recursion
2025-05-20 13:36:17,851 INFO : Moving /home/agialias/projects/site_generator/static/images/rivendell.png to /home/agialias/projects/site_generator/public/images
2025-05-20 13:36:17,852 INFO : Moving /home/agialias/projects/site_generator/static/images/tom.png to /home/agialias/projects/site_generator/public/images
2025-05-20 13:36:17,853 INFO : Moving /home/agialias/projects/site_generator/static/images/tolkien.png to /home/agialias/projects/site_generator/public/images
2025-05-20 13:36:17,854 INFO : Moving /home/agialias/projects/site_generator/static/images/glorfindel.png to /home/agialias/projects/site_generator/public/images
2025-05-20 13:36:17,854 INFO : Task completed.
